#! /usr/local/bin/vvp
:ivl_version "0.9.6 ";
:vpi_time_precision + 0;
:vpi_module "system";
:vpi_module "v2005_math";
:vpi_module "va_math";
S_0x2206010 .scope module, "plab4_net_RouterInputCtrlArb_Sep" "plab4_net_RouterInputCtrlArb_Sep" 2 10;
 .timescale 0 0;
P_0x22071a8 .param/l "c_dest_nbits" 2 21, +C4<00000000000000000000000000000011>;
P_0x22071d0 .param/l "p_default_reqs" 2 17, C4<001>;
P_0x22071f8 .param/l "p_num_routers" 2 13, +C4<01000>;
P_0x2207220 .param/l "p_router_id" 2 12, +C4<0>;
L_0x22366b0 .functor AND 3, v0x2234c70_0, v0x22351b0_0, C4<111>, C4<111>;
L_0x2236800 .functor AND 3, v0x2234430_0, v0x2235280_0, C4<111>, C4<111>;
v0x2234d10_0 .net *"_s12", 2 0, L_0x22366b0; 1 drivers
v0x2234dd0_0 .net *"_s16", 2 0, L_0x2236800; 1 drivers
v0x2234e70_0 .net *"_s7", 2 0, v0x2235970_0; 1 drivers
v0x2234f10_0 .net "dest_d1", 2 0, C4<zzz>; 0 drivers
v0x2234fc0_0 .net "dest_d2", 2 0, C4<zzz>; 0 drivers
v0x2235070_0 .var "domain", 0 0;
v0x2235130_0 .net "grants", 2 0, L_0x2235db0; 1 drivers
v0x22351b0_0 .var "grants_d1", 2 0;
v0x2235280_0 .var "grants_d2", 2 0;
v0x2235330_0 .net "grants_p0", 0 0, C4<z>; 0 drivers
v0x2235410_0 .net "grants_p1", 0 0, C4<z>; 0 drivers
v0x2235490_0 .net "grants_p2", 0 0, C4<z>; 0 drivers
v0x2235580_0 .var "i", 0 0;
RS_0x7f49f49e8228 .resolv tri, L_0x22362f0, L_0x2236710, C4<z>, C4<z>;
v0x2235620_0 .net8 "in_rdy_d1", 0 0, RS_0x7f49f49e8228; 2 drivers
RS_0x7f49f49e80d8 .resolv tri, L_0x2236530, L_0x2236860, C4<z>, C4<z>;
v0x2235750_0 .net8 "in_rdy_d2", 0 0, RS_0x7f49f49e80d8; 2 drivers
v0x2235800_0 .net "in_val_d1", 0 0, C4<z>; 0 drivers
v0x22356a0_0 .net "in_val_d2", 0 0, C4<z>; 0 drivers
v0x2235970_0 .var "reqs", 2 0;
v0x2235880_0 .net "reqs_d1", 2 0, v0x2234c70_0; 1 drivers
v0x2235ac0_0 .net "reqs_d2", 2 0, v0x2234430_0; 1 drivers
v0x2235bf0_0 .net "reqs_p0", 0 0, L_0x2236080; 1 drivers
v0x2235c70_0 .net "reqs_p1", 0 0, L_0x2235fb0; 1 drivers
v0x2235b40_0 .net "reqs_p2", 0 0, L_0x2235eb0; 1 drivers
E_0x22078f0 .event edge, v0x2235070_0, v0x2235130_0;
E_0x22073d0 .event edge, v0x2234c70_0, v0x2234430_0, v0x2235580_0;
L_0x2235db0 .concat [ 1 1 1 0], C4<z>, C4<z>, C4<z>;
L_0x2235eb0 .part v0x2235970_0, 2, 1;
L_0x2235fb0 .part v0x2235970_0, 1, 1;
L_0x2236080 .part v0x2235970_0, 0, 1;
L_0x2236710 .reduce/or L_0x22366b0;
L_0x2236860 .reduce/or L_0x2236800;
S_0x22344d0 .scope module, "d1_ctrl" "plab4_net_RouterInputCtrl" 2 65, 3 9, S_0x2206010;
 .timescale 0 0;
P_0x22345c8 .param/l "c_dest_nbits" 3 23, +C4<00000000000000000000000000000011>;
P_0x22345f0 .param/l "p_default_reqs" 3 17, C4<001>;
P_0x2234618 .param/l "p_num_routers" 3 12, +C4<01000>;
P_0x2234640 .param/l "p_router_id" 3 11, +C4<0>;
L_0x2236210 .functor AND 3, v0x2234c70_0, v0x22351b0_0, C4<111>, C4<111>;
v0x2234840_0 .net *"_s0", 2 0, L_0x2236210; 1 drivers
v0x2234900_0 .alias "dest", 2 0, v0x2234f10_0;
v0x22349a0_0 .net "domain", 0 0, C4<0>; 1 drivers
v0x2234a40_0 .net "grants", 2 0, v0x22351b0_0; 1 drivers
v0x2234af0_0 .alias "in_rdy", 0 0, v0x2235620_0;
v0x2234b90_0 .alias "in_val", 0 0, v0x2235800_0;
v0x2234c70_0 .var "reqs", 2 0;
E_0x22347f0 .event edge, v0x2234b90_0, v0x2234900_0;
L_0x22362f0 .reduce/or L_0x2236210;
S_0x2207d60 .scope module, "d2_ctrl" "plab4_net_RouterInputCtrl" 2 83, 3 9, S_0x2206010;
 .timescale 0 0;
P_0x2207788 .param/l "c_dest_nbits" 3 23, +C4<00000000000000000000000000000011>;
P_0x22077b0 .param/l "p_default_reqs" 3 17, C4<001>;
P_0x22077d8 .param/l "p_num_routers" 3 12, +C4<01000>;
P_0x2207800 .param/l "p_router_id" 3 11, +C4<0>;
L_0x2236430 .functor AND 3, v0x2234430_0, v0x2235280_0, C4<111>, C4<111>;
v0x22107f0_0 .net *"_s0", 2 0, L_0x2236430; 1 drivers
v0x22340d0_0 .alias "dest", 2 0, v0x2234fc0_0;
v0x2234170_0 .net "domain", 0 0, C4<1>; 1 drivers
v0x2234210_0 .net "grants", 2 0, v0x2235280_0; 1 drivers
v0x22342b0_0 .alias "in_rdy", 0 0, v0x2235750_0;
v0x2234350_0 .alias "in_val", 0 0, v0x22356a0_0;
v0x2234430_0 .var "reqs", 2 0;
E_0x2205750 .event edge, v0x2234350_0, v0x22340d0_0;
L_0x2236530 .reduce/or L_0x2236430;
    .scope S_0x22344d0;
T_0 ;
    %wait E_0x22347f0;
    %load/v 8, v0x2234b90_0, 1;
    %jmp/0xz  T_0.0, 8;
    %load/v 8, v0x2234900_0, 3;
    %mov 11, 0, 1;
    %cmpi/u 8, 0, 4;
    %jmp/0xz  T_0.2, 4;
    %movi 8, 2, 3;
    %set/v v0x2234c70_0, 8, 3;
    %jmp T_0.3;
T_0.2 ;
    %movi 8, 1, 3;
    %set/v v0x2234c70_0, 8, 3;
T_0.3 ;
    %jmp T_0.1;
T_0.0 ;
    %set/v v0x2234c70_0, 0, 3;
T_0.1 ;
    %jmp T_0;
    .thread T_0, $push;
    .scope S_0x2207d60;
T_1 ;
    %wait E_0x2205750;
    %load/v 8, v0x2234350_0, 1;
    %jmp/0xz  T_1.0, 8;
    %load/v 8, v0x22340d0_0, 3;
    %mov 11, 0, 1;
    %cmpi/u 8, 0, 4;
    %jmp/0xz  T_1.2, 4;
    %movi 8, 2, 3;
    %set/v v0x2234430_0, 8, 3;
    %jmp T_1.3;
T_1.2 ;
    %movi 8, 1, 3;
    %set/v v0x2234430_0, 8, 3;
T_1.3 ;
    %jmp T_1.1;
T_1.0 ;
    %set/v v0x2234430_0, 0, 3;
T_1.1 ;
    %jmp T_1;
    .thread T_1, $push;
    .scope S_0x2206010;
T_2 ;
    %wait E_0x22073d0;
    %load/v 8, v0x2235880_0, 3;
    %cmpi/u 8, 0, 3;
    %inv 4, 1;
    %mov 8, 4, 1;
    %load/v 9, v0x2235ac0_0, 3;
    %cmpi/u 9, 0, 3;
    %mov 9, 4, 1;
    %and 8, 9, 1;
    %jmp/0xz  T_2.0, 8;
    %load/v 8, v0x2235880_0, 3;
    %set/v v0x2235970_0, 8, 3;
    %set/v v0x2235070_0, 0, 1;
    %jmp T_2.1;
T_2.0 ;
    %load/v 8, v0x2235880_0, 3;
    %cmpi/u 8, 0, 3;
    %mov 8, 4, 1;
    %load/v 9, v0x2235ac0_0, 3;
    %cmpi/u 9, 0, 3;
    %inv 4, 1;
    %mov 9, 4, 1;
    %and 8, 9, 1;
    %jmp/0xz  T_2.2, 8;
    %load/v 8, v0x2235ac0_0, 3;
    %set/v v0x2235970_0, 8, 3;
    %set/v v0x2235070_0, 1, 1;
    %jmp T_2.3;
T_2.2 ;
    %load/v 8, v0x2235880_0, 3;
    %cmpi/u 8, 0, 3;
    %inv 4, 1;
    %mov 8, 4, 1;
    %load/v 9, v0x2235ac0_0, 3;
    %cmpi/u 9, 0, 3;
    %inv 4, 1;
    %mov 9, 4, 1;
    %and 8, 9, 1;
    %jmp/0xz  T_2.4, 8;
    %vpi_func 2 117 "$random", 8, 32;
    %movi 40, 2, 32;
    %mod/s 8, 40, 32;
    %set/v v0x2235580_0, 8, 1;
    %load/v 8, v0x2235580_0, 1;
    %mov 9, 0, 1;
    %cmpi/u 8, 0, 2;
    %jmp/0xz  T_2.6, 4;
    %load/v 8, v0x2235880_0, 3;
    %set/v v0x2235970_0, 8, 3;
    %set/v v0x2235070_0, 0, 1;
    %jmp T_2.7;
T_2.6 ;
    %load/v 8, v0x2235ac0_0, 3;
    %set/v v0x2235970_0, 8, 3;
    %set/v v0x2235070_0, 1, 1;
T_2.7 ;
    %jmp T_2.5;
T_2.4 ;
    %set/v v0x2235970_0, 0, 3;
T_2.5 ;
T_2.3 ;
T_2.1 ;
    %jmp T_2;
    .thread T_2, $push;
    .scope S_0x2206010;
T_3 ;
    %wait E_0x22078f0;
    %load/v 8, v0x2235070_0, 1;
    %cmpi/u 8, 0, 1;
    %jmp/0xz  T_3.0, 4;
    %load/v 8, v0x2235130_0, 3;
    %set/v v0x22351b0_0, 8, 3;
    %set/v v0x2235280_0, 0, 3;
    %jmp T_3.1;
T_3.0 ;
    %load/v 8, v0x2235070_0, 1;
    %jmp/0xz  T_3.2, 8;
    %set/v v0x22351b0_0, 0, 3;
    %load/v 8, v0x2235130_0, 3;
    %set/v v0x2235280_0, 8, 3;
T_3.2 ;
T_3.1 ;
    %jmp T_3;
    .thread T_3, $push;
# The file index is used to find the file name in the following table.
:file_names 4;
    "N/A";
    "<interactive>";
    "plab4-net-RouterInputCtrl-Arb-Sep.v";
    "./plab4-net-RouterInputCtrl.v";
